SF:lib/services/phone_auth_service.dart
DA:13,0
DA:14,2
DA:15,2
DA:16,2
DA:17,2
DA:18,2
DA:19,2
DA:22,1
DA:24,2
DA:27,2
DA:28,0
DA:29,0
DA:33,2
DA:34,2
DA:41,1
DA:42,2
DA:44,3
DA:45,3
DA:48,2
DA:49,3
DA:56,1
DA:57,2
DA:61,1
DA:62,1
DA:63,2
DA:67,1
DA:69,1
DA:70,1
DA:74,1
DA:75,1
DA:80,1
DA:81,1
DA:86,2
DA:89,1
DA:92,1
DA:93,1
DA:98,1
DA:99,1
DA:100,1
DA:101,1
DA:102,1
DA:103,1
DA:106,0
DA:109,1
DA:114,1
DA:120,1
DA:121,1
DA:125,1
DA:126,1
DA:131,1
DA:132,1
DA:137,2
DA:138,1
DA:143,2
DA:144,1
DA:149,2
DA:152,1
DA:158,1
DA:159,1
DA:160,2
DA:161,2
DA:162,1
DA:163,1
DA:166,0
DA:169,1
DA:174,1
DA:175,1
DA:179,1
DA:181,1
DA:182,1
DA:183,1
DA:184,1
DA:185,1
DA:186,1
DA:187,1
DA:189,0
DA:191,1
DA:196,1
DA:197,1
DA:198,1
DA:199,1
DA:200,1
DA:201,1
DA:202,1
DA:203,1
DA:207,1
DA:208,1
DA:209,1
DA:212,1
DA:213,1
DA:214,1
DA:217,1
DA:218,1
DA:219,1
DA:222,0
DA:223,0
DA:227,1
DA:228,1
DA:230,1
DA:231,1
DA:232,0
DA:233,0
DA:239,2
LF:103
LH:93
end_of_record
SF:lib/services/search_service.dart
DA:10,1
DA:12,4
DA:13,1
DA:24,1
DA:32,0
DA:33,0
DA:34,0
DA:35,0
DA:36,0
DA:37,0
DA:40,0
DA:41,0
DA:42,0
DA:43,0
DA:44,0
DA:45,0
DA:46,0
DA:56,4
DA:63,8
DA:64,4
DA:65,8
DA:66,4
DA:67,4
DA:70,2
DA:71,2
DA:72,2
DA:73,4
DA:74,2
DA:75,2
DA:87,0
DA:96,0
DA:97,0
DA:98,0
DA:99,0
DA:100,0
DA:101,0
DA:102,0
DA:105,0
DA:106,0
DA:107,0
DA:108,0
DA:109,0
DA:110,0
DA:111,0
DA:112,0
DA:132,4
DA:133,6
DA:134,0
DA:135,0
DA:136,2
DA:137,2
DA:138,0
DA:139,4
DA:141,4
DA:143,4
DA:144,4
DA:145,4
DA:146,4
DA:147,4
DA:151,1
DA:152,1
DA:153,1
DA:154,1
DA:158,3
DA:159,3
DA:160,2
DA:161,1
DA:165,4
DA:166,7
DA:167,1
DA:171,1
DA:172,1
DA:173,1
DA:177,1
DA:180,1
DA:181,1
DA:184,1
DA:185,1
DA:188,1
DA:189,1
DA:192,1
DA:193,1
DA:196,2
DA:197,2
DA:198,2
DA:200,1
DA:201,1
DA:203,3
DA:206,3
DA:207,1
DA:209,0
DA:211,1
DA:216,1
DA:217,1
DA:219,1
DA:220,5
DA:221,1
DA:222,3
DA:226,1
DA:228,1
DA:232,0
DA:233,0
DA:234,0
DA:235,0
DA:236,0
DA:237,0
DA:238,0
DA:240,0
DA:241,0
DA:242,0
DA:243,0
DA:245,0
DA:246,0
DA:248,0
DA:250,0
DA:255,1
DA:256,1
DA:258,1
DA:259,2
DA:260,4
DA:261,4
DA:262,4
DA:263,1
DA:264,3
DA:265,1
DA:267,1
DA:268,2
DA:269,1
DA:271,1
DA:275,0
DA:276,0
DA:277,0
DA:278,0
DA:279,0
DA:280,0
DA:282,0
DA:283,0
DA:284,0
DA:285,0
DA:287,0
DA:288,0
DA:289,0
DA:291,0
DA:293,0
DA:298,1
DA:299,1
DA:301,1
DA:302,5
DA:303,1
DA:304,1
DA:308,0
DA:309,0
DA:311,1
DA:315,0
DA:316,0
DA:317,0
DA:318,0
DA:319,0
DA:320,0
DA:322,0
DA:323,0
DA:324,0
DA:325,0
DA:327,0
DA:328,0
DA:329,0
DA:331,0
DA:333,0
DA:338,1
DA:339,1
DA:341,1
DA:342,5
DA:343,1
DA:344,3
DA:347,6
DA:348,6
DA:349,1
DA:351,1
DA:355,0
DA:356,0
DA:357,0
DA:358,0
DA:359,0
DA:360,0
DA:362,0
DA:363,0
DA:364,0
DA:365,0
DA:367,0
DA:368,0
DA:369,0
DA:371,0
DA:373,0
DA:378,1
DA:379,1
DA:380,1
DA:382,1
DA:383,1
DA:388,4
DA:390,4
DA:392,4
DA:397,8
DA:400,12
DA:401,12
DA:404,4
DA:405,4
DA:409,3
DA:410,6
DA:411,3
DA:412,3
DA:416,3
DA:417,12
DA:418,6
DA:419,3
DA:420,3
DA:425,2
DA:427,2
DA:430,0
DA:434,0
DA:439,0
DA:446,1
DA:447,1
DA:450,0
DA:451,0
DA:452,0
DA:453,0
DA:454,0
DA:456,0
DA:457,0
DA:458,0
DA:459,0
DA:468,4
DA:470,8
DA:472,2
DA:473,2
DA:474,6
DA:475,2
DA:478,0
DA:483,4
DA:485,4
DA:486,20
DA:488,8
DA:495,4
DA:497,8
DA:499,0
DA:500,0
DA:501,0
DA:502,0
DA:505,0
DA:511,1
DA:512,2
DA:515,0
DA:516,0
DA:517,0
DA:518,0
DA:519,0
DA:520,0
DA:522,0
DA:523,0
DA:524,0
DA:525,0
DA:526,0
DA:529,0
DA:530,0
DA:531,0
DA:532,0
DA:534,0
DA:535,0
DA:537,0
DA:542,1
DA:543,1
DA:544,1
DA:547,0
DA:548,0
DA:549,0
DA:552,3
DA:553,3
DA:554,3
DA:557,2
DA:558,2
DA:562,4
DA:564,8
DA:566,0
DA:567,0
DA:570,8
DA:584,0
DA:589,4
DA:591,8
DA:593,0
DA:594,0
DA:597,8
DA:609,0
DA:614,4
DA:616,8
DA:618,0
DA:619,0
DA:622,8
DA:636,0
DA:641,1
DA:645,2
DA:647,3
DA:648,1
DA:649,1
DA:651,2
DA:652,2
DA:656,3
DA:657,3
DA:661,1
DA:662,1
DA:664,1
DA:667,1
DA:668,6
DA:669,1
DA:670,3
DA:671,1
DA:673,1
DA:675,1
DA:677,1
DA:678,1
DA:681,1
DA:682,1
DA:685,1
DA:686,1
DA:689,1
DA:690,1
DA:693,1
DA:694,1
DA:697,1
DA:698,2
DA:699,2
DA:700,2
DA:704,2
DA:705,2
DA:706,2
DA:707,2
DA:709,1
DA:710,0
DA:712,3
DA:715,2
DA:719,1
DA:728,2
DA:731,1
DA:732,1
DA:733,2
DA:734,3
DA:735,3
DA:736,3
DA:737,5
DA:738,1
DA:742,1
DA:743,2
DA:744,3
DA:745,1
DA:746,1
DA:750,1
DA:751,2
DA:752,5
DA:756,0
DA:757,0
DA:762,5
DA:765,5
DA:771,1
DA:772,1
DA:774,0
DA:775,0
DA:777,0
DA:778,0
DA:780,0
DA:781,0
DA:783,0
DA:784,0
DA:796,1
DA:797,2
DA:798,6
DA:799,2
DA:800,10
DA:803,1
DA:807,1
DA:808,1
DA:813,1
DA:814,1
DA:815,2
DA:816,1
DA:817,5
DA:824,1
DA:825,2
DA:826,3
DA:827,3
DA:829,1
DA:830,2
DA:831,5
DA:834,1
DA:835,5
DA:836,1
DA:837,5
DA:840,0
DA:842,0
DA:843,0
LF:398
LH:241
end_of_record
SF:lib/features/sell/models.dart
DA:32,2
DA:41,0
DA:49,0
DA:50,0
DA:51,0
DA:52,0
DA:53,0
DA:54,0
DA:55,0
DA:59,0
DA:60,0
DA:61,0
DA:62,0
DA:63,0
DA:64,0
DA:65,0
DA:66,0
DA:70,0
DA:71,0
DA:72,0
DA:73,0
DA:74,0
DA:75,0
DA:76,0
DA:77,0
DA:102,0
DA:122,0
DA:141,0
DA:142,0
DA:143,0
DA:144,0
DA:145,0
DA:146,0
DA:147,0
DA:148,0
DA:149,0
DA:150,0
DA:151,0
DA:152,0
DA:153,0
DA:154,0
DA:155,0
DA:156,0
DA:157,0
DA:158,0
DA:162,0
DA:163,0
DA:164,0
DA:165,0
DA:166,0
DA:167,0
DA:168,0
DA:169,0
DA:170,0
DA:171,0
DA:172,0
DA:173,0
DA:174,0
DA:175,0
DA:176,0
DA:177,0
DA:178,0
DA:179,0
DA:182,0
DA:183,0
DA:184,0
DA:185,0
DA:186,0
DA:187,0
DA:188,0
DA:189,0
DA:190,0
DA:191,0
DA:192,0
DA:193,0
DA:194,0
DA:195,0
DA:196,0
DA:197,0
DA:198,0
DA:199,0
DA:209,0
DA:216,0
DA:222,0
DA:223,0
DA:224,0
DA:225,0
DA:226,0
DA:251,3
DA:269,2
DA:271,0
DA:290,0
DA:291,0
DA:292,0
DA:293,0
DA:294,0
DA:295,0
DA:296,0
DA:297,0
DA:298,0
DA:299,0
DA:300,0
DA:301,0
DA:302,0
DA:303,0
DA:304,0
DA:305,0
DA:306,0
DA:307,0
DA:311,0
DA:312,0
DA:313,0
DA:314,0
DA:315,0
DA:316,0
DA:317,0
DA:318,0
DA:319,0
DA:320,0
DA:321,0
DA:322,0
DA:323,0
DA:324,0
DA:325,0
DA:326,0
DA:327,0
DA:328,0
DA:329,0
DA:330,0
DA:331,0
DA:332,0
DA:333,0
DA:335,0
DA:336,0
DA:337,0
DA:338,0
DA:340,0
DA:341,0
DA:342,0
DA:343,0
DA:344,0
DA:345,0
DA:350,0
DA:351,0
DA:352,0
DA:353,0
DA:354,0
DA:355,0
DA:356,0
DA:357,0
DA:358,0
DA:359,0
DA:360,0
DA:361,0
DA:362,0
DA:363,0
DA:364,0
DA:365,0
DA:366,0
DA:367,0
DA:368,0
DA:375,0
DA:376,0
DA:377,0
DA:378,0
DA:395,0
DA:409,0
DA:422,0
DA:423,0
DA:424,0
DA:425,0
DA:426,0
DA:427,0
DA:428,0
DA:429,0
DA:430,0
DA:431,0
DA:432,0
DA:433,0
DA:445,0
DA:452,0
DA:458,0
DA:459,0
DA:460,0
DA:461,0
DA:462,0
DA:469,0
DA:470,0
DA:471,0
LF:189
LH:3
end_of_record
SF:lib/services/location_service.dart
DA:18,2
DA:29,4
DA:30,2
DA:31,2
DA:32,2
DA:33,2
DA:34,2
DA:35,2
DA:36,2
DA:37,4
DA:40,4
DA:41,4
DA:42,4
DA:43,2
DA:44,2
DA:45,2
DA:46,2
DA:47,4
DA:48,4
DA:58,0
DA:73,2
DA:81,4
DA:82,2
DA:83,2
DA:84,2
DA:85,4
DA:86,2
DA:89,2
DA:90,2
DA:91,2
DA:92,4
DA:93,4
DA:94,4
DA:95,2
DA:115,4
DA:116,2
DA:117,0
DA:118,0
DA:119,0
DA:120,4
DA:121,0
DA:122,4
DA:123,2
DA:125,3
DA:126,3
DA:127,3
DA:128,3
DA:129,3
DA:132,3
DA:133,3
DA:138,3
DA:140,3
DA:141,0
DA:143,0
DA:144,0
DA:145,0
DA:146,0
DA:147,0
DA:148,0
DA:151,0
DA:153,9
DA:158,3
DA:159,3
DA:160,3
DA:164,3
DA:166,0
DA:172,0
DA:174,0
DA:175,0
DA:176,0
DA:177,0
DA:182,0
DA:183,0
DA:188,0
DA:189,0
DA:191,9
DA:194,3
DA:199,0
DA:200,0
DA:201,0
DA:205,0
DA:206,0
DA:209,0
DA:214,0
DA:215,0
DA:216,0
DA:220,0
DA:221,0
DA:226,0
DA:227,0
DA:228,0
DA:229,0
DA:230,0
DA:231,0
DA:232,0
DA:233,0
DA:234,0
DA:235,0
DA:238,0
DA:239,0
DA:240,0
DA:243,0
DA:246,0
DA:251,0
DA:252,0
DA:253,0
DA:258,0
DA:263,0
DA:264,0
DA:266,0
DA:268,0
DA:269,0
DA:270,0
DA:271,0
DA:272,0
DA:273,0
DA:274,0
DA:275,0
DA:276,0
DA:279,0
DA:280,0
DA:281,0
DA:283,0
DA:284,0
DA:288,0
DA:293,2
DA:294,2
DA:295,2
DA:299,3
DA:307,6
DA:308,6
DA:310,18
DA:311,9
DA:312,9
DA:313,9
DA:314,6
DA:316,15
DA:317,3
DA:321,2
DA:322,2
DA:324,2
DA:325,4
DA:326,4
DA:333,0
DA:334,0
DA:335,0
DA:339,1
DA:345,1
DA:347,0
DA:348,0
DA:349,0
DA:350,0
DA:351,0
DA:355,3
DA:360,3
DA:362,4
DA:363,2
DA:364,2
DA:365,2
DA:366,2
DA:367,2
DA:369,6
DA:370,8
DA:374,0
DA:379,0
DA:380,0
DA:381,0
DA:382,0
DA:386,0
DA:396,0
DA:398,0
DA:400,0
DA:402,0
DA:404,0
DA:406,0
DA:412,0
DA:417,0
DA:419,0
DA:421,0
DA:423,0
DA:425,0
DA:427,0
DA:434,2
DA:436,4
DA:437,4
DA:444,3
DA:446,6
DA:448,4
DA:451,6
DA:452,4
DA:453,2
DA:454,2
DA:463,0
DA:465,0
DA:466,0
DA:467,0
DA:474,3
DA:475,3
DA:476,3
DA:479,3
DA:480,3
DA:481,3
DA:484,3
DA:485,3
DA:486,3
DA:489,0
DA:490,0
DA:496,3
DA:497,3
DA:501,3
DA:502,3
DA:506,3
DA:507,0
DA:510,3
DA:515,1
DA:516,1
DA:517,1
DA:520,1
DA:522,0
DA:525,0
DA:529,2
DA:530,4
DA:534,2
DA:536,2
DA:537,4
DA:538,8
DA:540,4
DA:541,2
DA:543,4
DA:544,2
DA:545,2
DA:547,2
DA:550,2
DA:559,2
DA:560,2
DA:561,2
DA:562,2
DA:563,8
DA:564,2
DA:568,2
DA:569,10
DA:571,2
DA:573,4
DA:574,6
DA:576,0
DA:577,0
DA:578,2
DA:579,4
DA:583,6
DA:587,2
DA:593,6
DA:594,0
DA:597,2
DA:601,1
DA:602,2
DA:603,1
DA:604,1
DA:608,1
DA:609,4
DA:610,2
DA:611,1
DA:612,1
DA:617,2
DA:623,2
DA:625,4
DA:626,2
DA:627,2
DA:628,2
DA:631,10
DA:636,10
DA:641,0
DA:642,0
DA:647,2
DA:651,2
DA:657,2
DA:659,2
DA:661,4
DA:662,2
DA:663,10
DA:664,2
DA:665,10
DA:666,2
DA:671,2
DA:672,2
DA:676,2
DA:677,4
DA:679,2
DA:682,2
DA:683,2
DA:687,2
DA:688,2
DA:692,2
DA:693,2
DA:694,2
DA:698,3
DA:700,6
DA:702,2
DA:703,2
DA:704,6
DA:705,2
DA:708,0
DA:713,2
DA:715,2
DA:716,10
DA:718,4
DA:725,3
DA:727,9
DA:728,9
DA:730,0
DA:731,0
DA:736,2
DA:738,6
DA:739,6
DA:746,2
DA:747,2
DA:748,2
DA:749,2
DA:750,0
DA:751,0
DA:752,0
DA:753,0
DA:754,0
DA:755,0
DA:756,0
DA:757,0
DA:758,0
DA:759,0
DA:760,0
DA:761,0
DA:767,2
DA:768,2
DA:769,2
DA:771,0
DA:773,0
DA:774,0
DA:776,0
DA:778,0
DA:780,0
DA:788,1
DA:789,1
DA:790,1
DA:795,0
DA:800,0
DA:801,0
DA:802,0
DA:804,0
DA:805,0
DA:806,0
DA:807,0
DA:808,0
DA:809,0
DA:810,0
DA:811,0
DA:812,0
DA:813,0
DA:817,0
DA:818,0
DA:819,0
DA:820,0
DA:821,0
DA:822,0
DA:823,0
DA:826,0
DA:827,0
DA:831,0
DA:836,0
DA:837,0
DA:838,0
DA:839,0
DA:840,0
DA:841,0
DA:845,2
DA:847,2
DA:848,2
DA:853,3
DA:854,6
LF:376
LH:213
end_of_record
SF:lib/services/location_aware_filter_service.dart
DA:14,2
DA:32,4
DA:33,4
DA:34,0
DA:36,2
DA:37,2
DA:38,6
DA:42,2
DA:43,2
DA:44,2
DA:45,2
DA:49,0
DA:50,0
DA:51,0
DA:52,0
DA:53,0
DA:57,2
DA:58,4
DA:60,4
DA:61,4
DA:62,4
DA:63,4
DA:65,2
DA:66,2
DA:67,2
DA:71,2
DA:72,4
DA:73,4
DA:75,4
DA:76,4
DA:77,4
DA:79,2
DA:80,2
DA:81,2
DA:85,2
DA:86,4
DA:87,4
DA:88,4
DA:90,4
DA:91,4
DA:93,2
DA:94,2
DA:95,2
DA:99,1
DA:100,2
DA:101,2
DA:102,2
DA:103,2
DA:107,1
DA:108,1
DA:109,1
DA:113,2
DA:114,4
DA:115,4
DA:119,4
DA:122,8
DA:123,4
DA:125,6
DA:126,6
DA:127,6
DA:132,8
DA:133,2
DA:134,2
DA:135,7
DA:138,2
DA:139,0
DA:143,1
DA:147,8
DA:148,4
DA:149,8
DA:153,4
DA:154,4
DA:155,4
DA:158,6
DA:159,2
DA:163,8
DA:164,4
DA:166,6
DA:167,6
DA:171,2
DA:175,2
DA:176,8
DA:177,0
DA:185,4
DA:186,4
DA:187,4
DA:190,4
DA:191,4
DA:192,4
DA:193,4
DA:194,4
DA:197,2
DA:199,4
DA:200,2
DA:201,6
DA:202,2
DA:203,2
DA:208,0
DA:209,0
DA:211,0
DA:212,0
DA:216,0
DA:217,0
DA:218,0
DA:221,0
DA:225,0
DA:226,0
DA:227,0
DA:231,0
DA:232,0
DA:233,0
DA:237,2
DA:238,2
DA:239,4
DA:240,6
DA:241,10
DA:250,4
DA:251,4
DA:252,4
DA:253,8
DA:255,4
DA:256,8
DA:259,8
DA:260,4
DA:261,4
DA:262,4
DA:266,6
DA:267,6
DA:270,4
DA:271,4
DA:272,4
DA:273,4
DA:274,4
DA:277,6
DA:278,6
DA:287,2
DA:288,2
DA:289,2
DA:293,2
DA:295,4
DA:296,4
DA:297,4
DA:298,4
DA:299,4
DA:301,4
DA:310,0
DA:315,2
DA:317,4
DA:318,8
DA:320,2
DA:323,8
DA:324,8
DA:326,4
DA:327,4
DA:329,4
DA:332,4
DA:333,0
DA:335,4
DA:343,1
DA:344,2
DA:345,1
DA:346,1
DA:347,1
DA:350,2
DA:352,6
DA:353,2
LF:166
LH:142
end_of_record
SF:lib/services/otp_auth_service.dart
DA:12,2
DA:13,2
DA:14,2
DA:15,2
DA:16,2
DA:17,2
DA:20,1
DA:22,2
DA:25,3
DA:26,1
DA:27,2
DA:31,2
DA:32,2
DA:39,1
DA:40,2
DA:42,3
DA:43,3
DA:46,2
DA:47,3
DA:54,1
DA:55,1
DA:56,1
DA:60,1
DA:61,1
DA:66,2
DA:69,1
DA:72,4
DA:74,1
DA:75,1
DA:78,0
DA:81,1
DA:86,1
DA:87,1
DA:88,1
DA:92,4
DA:93,1
DA:98,1
DA:101,1
DA:102,1
DA:107,1
DA:108,1
DA:109,1
DA:110,1
DA:113,0
DA:116,1
DA:121,1
DA:122,1
DA:126,1
DA:128,1
DA:129,1
DA:130,1
DA:131,1
DA:132,1
DA:133,1
DA:135,0
DA:137,1
DA:142,1
DA:143,1
DA:144,1
DA:145,1
DA:146,1
DA:147,1
DA:148,1
DA:152,1
DA:153,1
DA:154,1
DA:158,2
DA:162,1
DA:163,1
DA:164,1
DA:167,1
DA:168,1
DA:169,1
DA:172,1
DA:173,1
DA:174,1
DA:177,1
DA:178,1
DA:182,1
DA:183,1
DA:185,1
DA:186,1
DA:192,2
LF:83
LH:80
end_of_record
